Determining if the pthread_create exist failed with the following output:
Change Dir: /home/wooki/CatkinWorkspace/src/elektron_escort/cmake-build-debug/CMakeFiles/CMakeTmp

Run Build Command:"/usr/bin/make" "cmTC_c370f/fast"
/usr/bin/make -f CMakeFiles/cmTC_c370f.dir/build.make CMakeFiles/cmTC_c370f.dir/build
make[1]: Wejście do katalogu `/home/wooki/CatkinWorkspace/src/elektron_escort/cmake-build-debug/CMakeFiles/CMakeTmp'
Building C object CMakeFiles/cmTC_c370f.dir/CheckSymbolExists.c.o
/usr/bin/cc     -o CMakeFiles/cmTC_c370f.dir/CheckSymbolExists.c.o   -c /home/wooki/CatkinWorkspace/src/elektron_escort/cmake-build-debug/CMakeFiles/CMakeTmp/CheckSymbolExists.c
Linking C executable cmTC_c370f
/home/wooki/Programy/CLion/bin/cmake/bin/cmake -E cmake_link_script CMakeFiles/cmTC_c370f.dir/link.txt --verbose=1
/usr/bin/cc       CMakeFiles/cmTC_c370f.dir/CheckSymbolExists.c.o  -o cmTC_c370f -rdynamic 
CMakeFiles/cmTC_c370f.dir/CheckSymbolExists.c.o: In function `main':
CheckSymbolExists.c:(.text+0x16): undefined reference to `pthread_create'
collect2: error: ld returned 1 exit status
make[1]: *** [cmTC_c370f] Błąd 1
make[1]: Opuszczenie katalogu `/home/wooki/CatkinWorkspace/src/elektron_escort/cmake-build-debug/CMakeFiles/CMakeTmp'
make: *** [cmTC_c370f/fast] Błąd 2

File /home/wooki/CatkinWorkspace/src/elektron_escort/cmake-build-debug/CMakeFiles/CMakeTmp/CheckSymbolExists.c:
/* */
#include <pthread.h>

int main(int argc, char** argv)
{
  (void)argv;
#ifndef pthread_create
  return ((int*)(&pthread_create))[argc];
#else
  (void)argc;
  return 0;
#endif
}

Determining if the function pthread_create exists in the pthreads failed with the following output:
Change Dir: /home/wooki/CatkinWorkspace/src/elektron_escort/cmake-build-debug/CMakeFiles/CMakeTmp

Run Build Command:"/usr/bin/make" "cmTC_477de/fast"
/usr/bin/make -f CMakeFiles/cmTC_477de.dir/build.make CMakeFiles/cmTC_477de.dir/build
make[1]: Wejście do katalogu `/home/wooki/CatkinWorkspace/src/elektron_escort/cmake-build-debug/CMakeFiles/CMakeTmp'
Building C object CMakeFiles/cmTC_477de.dir/CheckFunctionExists.c.o
/usr/bin/cc    -DCHECK_FUNCTION_EXISTS=pthread_create   -o CMakeFiles/cmTC_477de.dir/CheckFunctionExists.c.o   -c /home/wooki/Programy/CLion/bin/cmake/share/cmake-3.6/Modules/CheckFunctionExists.c
Linking C executable cmTC_477de
/home/wooki/Programy/CLion/bin/cmake/bin/cmake -E cmake_link_script CMakeFiles/cmTC_477de.dir/link.txt --verbose=1
/usr/bin/cc   -DCHECK_FUNCTION_EXISTS=pthread_create    CMakeFiles/cmTC_477de.dir/CheckFunctionExists.c.o  -o cmTC_477de -rdynamic -lpthreads 
/usr/bin/ld: cannot find -lpthreads
collect2: error: ld returned 1 exit status
make[1]: *** [cmTC_477de] Błąd 1
make[1]: Opuszczenie katalogu `/home/wooki/CatkinWorkspace/src/elektron_escort/cmake-build-debug/CMakeFiles/CMakeTmp'
make: *** [cmTC_477de/fast] Błąd 2


